Qflow placement logfile created on Wed Jul 21 14:30:37 CST 2021
Running blif2cel to generate input files for graywolf
blif2cel.tcl --blif /mnt/d/Universidad/UCR/I-2021/Microelectronica/Proyecto3/Codigo_Proyecto3/OptimizacionArea/synthesis/systemcomplete.blif  --lef  /usr/share/qflow/tech/osu018/osu018_stdcells.lef --cel /mnt/d/Universidad/UCR/I-2021/Microelectronica/Proyecto3/Codigo_Proyecto3/OptimizacionArea/layout/systemcomplete.cel 
Opened BLIF file (/mnt/d/Universidad/UCR/I-2021/Microelectronica/Proyecto3/Codigo_Proyecto3/OptimizacionArea/synthesis/systemcomplete.blif) for reading ...
Opened CEL file (/mnt/d/Universidad/UCR/I-2021/Microelectronica/Proyecto3/Codigo_Proyecto3/OptimizacionArea/layout/systemcomplete.cel) for writing...
Loaded /usr/share/qflow/tech/osu018/osu018_stdcells.lef file for reading...
1st pass of blif file /mnt/d/Universidad/UCR/I-2021/Microelectronica/Proyecto3/Codigo_Proyecto3/OptimizacionArea/synthesis/systemcomplete.blif. . .
Reading macros and/or technology data from LEF file. . .
LEF file specifies route layer Y pitch as 1
LEF file specifies route layer X pitch as 0.8
Parsing macro AND2X2
Parsing macro AOI21X1
Parsing macro AOI22X1
Parsing macro BUFX2
Parsing macro BUFX4
Parsing macro NOR3X1
Parsing macro DFFPOSX1
Parsing macro INVX1
Parsing macro INVX2
Parsing macro INVX4
Parsing macro INVX8
Parsing macro NAND2X1
Parsing macro NAND3X1
Parsing macro NOR2X1
Parsing macro OAI21X1
Parsing macro OAI22X1
Parsing macro OR2X2
Parsing macro XOR2X1
Parsing macro MUX2X1
Parsing macro XNOR2X1
Parsing macro CLKBUF1
2nd pass of blif file. . .
3rd pass of blif file. . .
Done!
No systemcomplete.cel1 file found for project. . . no partial blockages to apply to layout.
Running decongest to set initial density of 0.7
decongest.tcl systemcomplete  /usr/share/qflow/tech/osu018/osu018_stdcells.lef FILL 0.7 --units=100
Reading FILL {} {} macros from LEF file.

decongest.tcl:
Fixed density planning, density = 0.7
Number of cells = 6798, total width = 2612160
Width of fill = 1119497
Width of decap = 0
Width of antenna  = 0

Done!
No systemcomplete.cel2 file found for project. . . continuing without pin placement hints
Running GrayWolf placement
graywolf  systemcomplete
ERROR[TWgetfont]:font:9x15 not available - using default:fixed

twflow version:2.1 date:Mon May 25 21:15:08 EDT 1992
Authors: Bill Swartz, Carl Sechen
         Yale University

syntax version:v1.1 date:Mon May 25 21:11:10 EDT 1992
TimberWolf System Syntax Checker
Authors: Carl Sechen, Kai-Win Lee, Bill Swartz,
         Dahe Chen, and Jimmy Lam
         Yale University

Read   50 objects so far...
Read  100 objects so far...
Read  150 objects so far...
Read  200 objects so far...
Read  250 objects so far...
Read  300 objects so far...
Read  350 objects so far...
Read  400 objects so far...
Read  450 objects so far...
Read  500 objects so far...
Read  550 objects so far...
Read  600 objects so far...
Read  650 objects so far...
Read  700 objects so far...
Read  750 objects so far...
Read  800 objects so far...
Read  850 objects so far...
Read  900 objects so far...
Read  950 objects so far...
Read 1000 objects so far...
Read 1050 objects so far...
Read 1100 objects so far...
Read 1150 objects so far...
Read 1200 objects so far...
Read 1250 objects so far...
Read 1300 objects so far...
Read 1350 objects so far...
Read 1400 objects so far...
Read 1450 objects so far...
Read 1500 objects so far...
Read 1550 objects so far...
Read 1600 objects so far...
Read 1650 objects so far...
Read 1700 objects so far...
Read 1750 objects so far...
Read 1800 objects so far...
Read 1850 objects so far...
Read 1900 objects so far...
Read 1950 objects so far...
Read 2000 objects so far...
Read 2050 objects so far...
Read 2100 objects so far...
Read 2150 objects so far...
Read 2200 objects so far...
Read 2250 objects so far...
Read 2300 objects so far...
Read 2350 objects so far...
Read 2400 objects so far...
Read 2450 objects so far...
Read 2500 objects so far...
Read 2550 objects so far...
Read 2600 objects so far...
Read 2650 objects so far...
Read 2700 objects so far...
Read 2750 objects so far...
Read 2800 objects so far...
Read 2850 objects so far...
Read 2900 objects so far...
Read 2950 objects so far...
Read 3000 objects so far...
Read 3050 objects so far...
Read 3100 objects so far...
Read 3150 objects so far...
Read 3200 objects so far...
Read 3250 objects so far...
Read 3300 objects so far...
Read 3350 objects so far...
Read 3400 objects so far...
Read 3450 objects so far...
Read 3500 objects so far...
Read 3550 objects so far...
Read 3600 objects so far...
Read 3650 objects so far...
Read 3700 objects so far...
Read 3750 objects so far...
Read 3800 objects so far...
Read 3850 objects so far...
Read 3900 objects so far...
Read 3950 objects so far...
Read 4000 objects so far...
Read 4050 objects so far...
Read 4100 objects so far...
Read 4150 objects so far...
Read 4200 objects so far...
Read 4250 objects so far...
Read 4300 objects so far...
Read 4350 objects so far...
Read 4400 objects so far...
Read 4450 objects so far...
Read 4500 objects so far...
Read 4550 objects so far...
Read 4600 objects so far...
Read 4650 objects so far...
Read 4700 objects so far...
Read 4750 objects so far...
Read 4800 objects so far...
Read 4850 objects so far...
Read 4900 objects so far...
Read 4950 objects so far...
Read 5000 objects so far...
Read 5050 objects so far...
Read 5100 objects so far...
Read 5150 objects so far...
Read 5200 objects so far...
Read 5250 objects so far...
Read 5300 objects so far...
Read 5350 objects so far...
Read 5400 objects so far...
Read 5450 objects so far...
Read 5500 objects so far...
Read 5550 objects so far...
Read 5600 objects so far...
Read 5650 objects so far...
Read 5700 objects so far...
Read 5750 objects so far...
Read 5800 objects so far...
Read 5850 objects so far...
Read 5900 objects so far...
Read 5950 objects so far...
Read 6000 objects so far...
Read 6050 objects so far...
Read 6100 objects so far...
Read 6150 objects so far...
Read 6200 objects so far...
Read 6250 objects so far...
Read 6300 objects so far...
Read 6350 objects so far...
Read 6400 objects so far...
Read 6450 objects so far...
Read 6500 objects so far...
Read 6550 objects so far...
Read 6600 objects so far...
Read 6650 objects so far...
Read 6700 objects so far...
Read 6750 objects so far...
Read 6800 objects so far...
Read 6850 objects so far...
Read 6900 objects so far...
No syntax errors were found

syntax terminated normally with no errors and 0 warning[s]


----------------------------
Total stdcells     :6798
Total cell width   :3.73e+06
Total cell height  :6.80e+06
Total cell area    :3.73e+09
Total core area    :3.73e+09
Average cell height:1.00e+03


nocut - replacement for Mincut version:v1.0 date:Mon May 25 21:09:40 EDT 1992
TimberWolf System Floorplan Setup Program
Authors: Carl Sechen, Bill Swartz,
         Yale University

Read   50 objects so far...
Read  100 objects so far...
Read  150 objects so far...
Read  200 objects so far...
Read  250 objects so far...
Read  300 objects so far...
Read  350 objects so far...
Read  400 objects so far...
Read  450 objects so far...
Read  500 objects so far...
Read  550 objects so far...
Read  600 objects so far...
Read  650 objects so far...
Read  700 objects so far...
Read  750 objects so far...
Read  800 objects so far...
Read  850 objects so far...
Read  900 objects so far...
Read  950 objects so far...
Read 1000 objects so far...
Read 1050 objects so far...
Read 1100 objects so far...
Read 1150 objects so far...
Read 1200 objects so far...
Read 1250 objects so far...
Read 1300 objects so far...
Read 1350 objects so far...
Read 1400 objects so far...
Read 1450 objects so far...
Read 1500 objects so far...
Read 1550 objects so far...
Read 1600 objects so far...
Read 1650 objects so far...
Read 1700 objects so far...
Read 1750 objects so far...
Read 1800 objects so far...
Read 1850 objects so far...
Read 1900 objects so far...
Read 1950 objects so far...
Read 2000 objects so far...
Read 2050 objects so far...
Read 2100 objects so far...
Read 2150 objects so far...
Read 2200 objects so far...
Read 2250 objects so far...
Read 2300 objects so far...
Read 2350 objects so far...
Read 2400 objects so far...
Read 2450 objects so far...
Read 2500 objects so far...
Read 2550 objects so far...
Read 2600 objects so far...
Read 2650 objects so far...
Read 2700 objects so far...
Read 2750 objects so far...
Read 2800 objects so far...
Read 2850 objects so far...
Read 2900 objects so far...
Read 2950 objects so far...
Read 3000 objects so far...
Read 3050 objects so far...
Read 3100 objects so far...
Read 3150 objects so far...
Read 3200 objects so far...
Read 3250 objects so far...
Read 3300 objects so far...
Read 3350 objects so far...
Read 3400 objects so far...
Read 3450 objects so far...
Read 3500 objects so far...
Read 3550 objects so far...
Read 3600 objects so far...
Read 3650 objects so far...
Read 3700 objects so far...
Read 3750 objects so far...
Read 3800 objects so far...
Read 3850 objects so far...
Read 3900 objects so far...
Read 3950 objects so far...
Read 4000 objects so far...
Read 4050 objects so far...
Read 4100 objects so far...
Read 4150 objects so far...
Read 4200 objects so far...
Read 4250 objects so far...
Read 4300 objects so far...
Read 4350 objects so far...
Read 4400 objects so far...
Read 4450 objects so far...
Read 4500 objects so far...
Read 4550 objects so far...
Read 4600 objects so far...
Read 4650 objects so far...
Read 4700 objects so far...
Read 4750 objects so far...
Read 4800 objects so far...
Read 4850 objects so far...
Read 4900 objects so far...
Read 4950 objects so far...
Read 5000 objects so far...
Read 5050 objects so far...
Read 5100 objects so far...
Read 5150 objects so far...
Read 5200 objects so far...
Read 5250 objects so far...
Read 5300 objects so far...
Read 5350 objects so far...
Read 5400 objects so far...
Read 5450 objects so far...
Read 5500 objects so far...
Read 5550 objects so far...
Read 5600 objects so far...
Read 5650 objects so far...
Read 5700 objects so far...
Read 5750 objects so far...
Read 5800 objects so far...
Read 5850 objects so far...
Read 5900 objects so far...
Read 5950 objects so far...
Read 6000 objects so far...
Read 6050 objects so far...
Read 6100 objects so far...
Read 6150 objects so far...
Read 6200 objects so far...
Read 6250 objects so far...
Read 6300 objects so far...
Read 6350 objects so far...
Read 6400 objects so far...
Read 6450 objects so far...
Read 6500 objects so far...
Read 6550 objects so far...
Read 6600 objects so far...
Read 6650 objects so far...
Read 6700 objects so far...
Read 6750 objects so far...
Read 6800 objects so far...
Read 6850 objects so far...
Read 6900 objects so far...
Splitting systemcomplete.cel into systemcomplete.scel and systemcomplete.mcel...
	done!


nocut - replacement for Mincut terminated normally with no errors and 0 warning[s]


TimberWolfMC version:v2.2 date:Mon May 25 21:18:34 EDT 1992
Authors: Carl Sechen, Bill Swartz, Kai-Win Lee
         Dahe Chen, and Jimmy Lam
         Yale University
ERROR[TWgetfont]:font:9x15 not available - using default:fixed
ERROR[TWgetfont]:font:9x15 not available - using default:fixed

config version:v1.0 date:Mon May 25 20:57:18 EDT 1992
Row configuration program
    Yale University


config switches:
	Graphics mode on
	config will inherit window



config terminated abnormally with 1 error[s] and 0 warning[s]


TimberWolfMC terminated abnormally with 1 error[s] and 0 warning[s]

ERROR[TWgetfont]:font:9x15 not available - using default:fixed


TimberWolfSC switches:
	Graphics mode on
	TimberWolfSC will inherit window

TimberWolfSC version:v6.0 date:Mon May 25 21:19:07 EDT 1992
Row-Based Placement and Global Routing Program
Authors: Carl Sechen, Kai-Win Lee, and Bill Swartz,
         Yale University
  0 
  1   2   3   4   5   6   7   8   9  10  11  12  13  14  15 
 16  17  18  19  20  21  22  23  24  25  26  27  28  29  30 
 31  32  33  34  35  36  37  38  39  40  41  42  43  44  45 
 46  47  48  49  50  51  52  53  54  55  56  57  58  59  60 
 61  62  63  64  65  66  67  68  69  70  71  72  73  74  75 
 76  77  78  79  80  81  82  83  84  85  86  87  88  89  90 
 91  92  93  94  95  96  97  98  99 100 101 102 103 104 105 
106 107 108 109 110 111 112 113 114 115 116 117 118 119 120 
121 122 123 124 125 126 127 128 129 130 131 132 133 134 135 
136 137 138 139 140 141 142 143 144 145 146 147 148 149 150 
151 152 153 154 155 156 157 158 
 block left edge is at -239
 the longest block length is 62640
 building the steiner trees
 rebuilding the steiner tree

----start doing coarse global routing ------ 
 ITERATION  1
 ITERATION  2
 ITERATION  3
 ITERATION  4
 ITERATION  5
 ITERATION  6
 ITERATION  7
 ITERATION  8
 ITERATION  9
 ITERATION 10
 ITERATION 11
 ITERATION 12

  longest Row is:23   Its length is:65920
 doing feed-through pins assignment
 building the net-tree now !
 set up the global routing grids
 the starting value of tracks = 1732
 tracks = 1717 at attempts =  1000
 tracks = 1701 at attempts =  2000
 tracks = 1688 at attempts =  3000
 tracks = 1678 at attempts =  4000
 tracks = 1671 at attempts =  5000
 tracks = 1662 at attempts =  6000
 tracks = 1657 at attempts =  7000
 tracks = 1654 at attempts =  8000
 tracks = 1651 at attempts =  9000
 tracks = 1645 at attempts = 10000
 tracks = 1640 at attempts = 11000
 tracks = 1637 at attempts = 12000
 tracks = 1634 at attempts = 13000
 tracks = 1632 at attempts = 14000
 tracks = 1631 at attempts = 15000
 tracks = 1629 at attempts = 16000
 tracks = 1624 at attempts = 17000
 tracks = 1624 at attempts = 18000
 tracks = 1624 at attempts = 19000
 tracks = 1624 at attempts = 20000
 tracks = 1622 at attempts = 21000
 tracks = 1621 at attempts = 22000
 tracks = 1620 at attempts = 23000
 tracks = 1619 at attempts = 24000
 tracks = 1619 at attempts = 25000
 tracks = 1619 at attempts = 26000
 tracks = 1618 at attempts = 27000
 tracks = 1618 at attempts = 28000
 tracks = 1618 at attempts = 29000
 tracks = 1618 at attempts = 30000
 tracks = 1618 at attempts = 31000
 tracks = 1618 at attempts = 32000
 tracks = 1618 at attempts = 33000
 tracks = 1618 at attempts = 34000
 tracks = 1617 at attempts = 35000
 tracks = 1617 at attempts = 36000
 tracks = 1617 at attempts = 37000
 tracks = 1617 at attempts = 38000
 tracks = 1616 at attempts = 39000
 tracks = 1616 at attempts = 40000
 tracks = 1616 at attempts = 41000
 tracks = 1616 at attempts = 42000
 tracks = 1616 at attempts = 43000
 tracks = 1616 at attempts = 44000
 tracks = 1616 at attempts = 45000
 tracks = 1616 at attempts = 46000
 tracks = 1616 at attempts = 47000
 tracks = 1616 at attempts = 48000
 tracks = 1616 at attempts = 49000
 tracks = 1616 at attempts = 50000
 tracks = 1616 at attempts = 51000
 tracks = 1616 at attempts = 52000
 tracks = 1616 at attempts = 53000
 tracks = 1616 at attempts = 54000
 tracks = 1616 at attempts = 55000
 tracks = 1616 at attempts = 56000
 tracks = 1616 at attempts = 57000
 tracks = 1616 at attempts = 58000
 tracks = 1616 at attempts = 59000
 tracks = 1616 at attempts = 60000
 tracks = 1616 at attempts = 61000
 tracks = 1616 at attempts = 62000
 tracks = 1616 at attempts = 63000
 tracks = 1616 at attempts = 64000
 tracks = 1616 at attempts = 65000
 tracks = 1616 at attempts = 66000
 tracks = 1616 at attempts = 67000
 tracks = 1616 at attempts = 68000
 tracks = 1616 at attempts = 69000
 tracks = 1616 at attempts = 70000
 tracks = 1616 at attempts = 71000
 tracks = 1616 at attempts = 72000
 tracks = 1616 at attempts = 73000
 tracks = 1616 at attempts = 74000
 tracks = 1616 at attempts = 75000
 tracks = 1616 at attempts = 76000
 tracks = 1616 at attempts = 77000
 tracks = 1616 at attempts = 78000
 tracks = 1616 at attempts = 79000
 tracks = 1616 at attempts = 80000
 tracks = 1616 at attempts = 81000
 tracks = 1616 at attempts = 82000
 tracks = 1616 at attempts = 83000
 tracks = 1616 at attempts = 84000
 tracks = 1616 at attempts = 85000
 tracks = 1616 at attempts = 86000
 tracks = 1616 at attempts = 87000
 tracks = 1616 at attempts = 88000
 tracks = 1616 at attempts = 89000
 tracks = 1616 at attempts = 90000
 tracks = 1616 at attempts = 91000
 tracks = 1616 at attempts = 92000
 tracks = 1616 at attempts = 93000
 tracks = 1616 at attempts = 94000
 tracks = 1616 at attempts = 95000
 tracks = 1616 at attempts = 96000
 tracks = 1616 at attempts = 97000
 tracks = 1616 at attempts = 98000
 tracks = 1616 at attempts = 99000
 tracks = 1616 at attempts = 100000
 tracks = 1616 at attempts = 101000
 tracks = 1616 at attempts = 102000
 tracks = 1616 at attempts = 103000
 tracks = 1616 at attempts = 104000
 tracks = 1616 at attempts = 105000
 tracks = 1616 at attempts = 106000
 tracks = 1616 at attempts = 107000
 tracks = 1616 at attempts = 108000
 tracks = 1616 at attempts = 109000
 tracks = 1616 at attempts = 110000
 tracks = 1616 at attempts = 111000
 tracks = 1616 at attempts = 112000
 tracks = 1616 at attempts = 113000
 tracks = 1616 at attempts = 114000
 tracks = 1616 at attempts = 115000
 tracks = 1616 at attempts = 116000
 tracks = 1616 at attempts = 117000
 tracks = 1616 at attempts = 118000
 tracks = 1616 at attempts = 119000
 tracks = 1616 at attempts = 120000
 tracks = 1616 at attempts = 121000
 tracks = 1616 at attempts = 122000
 tracks = 1616 at attempts = 123000
 tracks = 1616 at attempts = 124000
 tracks = 1616 at attempts = 125000
 tracks = 1616 at attempts = 126000
 tracks = 1616 at attempts = 127000
 tracks = 1616 at attempts = 128000
 tracks = 1616 at attempts = 129000
 tracks = 1616 at attempts = 130000
 tracks = 1616 at attempts = 131000
 tracks = 1616 at attempts = 132000
 tracks = 1616 at attempts = 133000
 tracks = 1616 at attempts = 134000
 tracks = 1616 at attempts = 135000
 tracks = 1616 at attempts = 136000
 tracks = 1616 at attempts = 137000
 tracks = 1616 at attempts = 138000
 tracks = 1616 at attempts = 139000
 tracks = 1616 at attempts = 140000
 tracks = 1616 at attempts = 141000
 tracks = 1616 at attempts = 142000
 tracks = 1616 at attempts = 143000
 tracks = 1616 at attempts = 144000
 tracks = 1616 at attempts = 145000
 tracks = 1616 at attempts = 146000
 tracks = 1616 at attempts = 147000
 tracks = 1616 at attempts = 148000
 tracks = 1616 at attempts = 149000
 tracks = 1616 at attempts = 150000
 tracks = 1616 at attempts = 151000
 tracks = 1616 at attempts = 152000
 tracks = 1616 at attempts = 153000
 tracks = 1616 at attempts = 154000
 tracks = 1616 at attempts = 155000
 tracks = 1616 at attempts = 156000
 tracks = 1616 at attempts = 157000
 tracks = 1616 at attempts = 158000
 tracks = 1616 at attempts = 159000
 tracks = 1616 at attempts = 160000
 tracks = 1616 at attempts = 161000
 tracks = 1616 at attempts = 162000
 tracks = 1616 at attempts = 163000
 tracks = 1616 at attempts = 164000
 tracks = 1616 at attempts = 165000
 tracks = 1616 at attempts = 166000
 tracks = 1616 at attempts = 167000
 tracks = 1616 at attempts = 168000
 tracks = 1616 at attempts = 169000
 tracks = 1616 at attempts = 170000
 tracks = 1616 at attempts = 171000
 tracks = 1616 at attempts = 172000
 removing redundant feed-through pins
 the connectivity of all the nets is verified

 block left edge is at -239
 the longest block length is 62640
 building the steiner trees
 rebuilding the steiner tree

----start doing coarse global routing ------ 
 ITERATION  1
 ITERATION  2
 ITERATION  3
 ITERATION  4
 ITERATION  5
 ITERATION  6
 ITERATION  7
 ITERATION  8
 ITERATION  9
 ITERATION 10
 ITERATION 11
 ITERATION 12
 ITERATION 13
 ITERATION 14
 ITERATION 15

  longest Row is:20   Its length is:65680
 doing feed-through pins assignment
 building the net-tree now !
 set up the global routing grids
 the starting value of tracks = 1756
 tracks = 1739 at attempts =  1000
 tracks = 1719 at attempts =  2000
 tracks = 1714 at attempts =  3000
 tracks = 1707 at attempts =  4000
 tracks = 1696 at attempts =  5000
 tracks = 1691 at attempts =  6000
 tracks = 1686 at attempts =  7000
 tracks = 1683 at attempts =  8000
 tracks = 1679 at attempts =  9000
 tracks = 1677 at attempts = 10000
 tracks = 1676 at attempts = 11000
 tracks = 1673 at attempts = 12000
 tracks = 1671 at attempts = 13000
 tracks = 1670 at attempts = 14000
 tracks = 1669 at attempts = 15000
 tracks = 1667 at attempts = 16000
 tracks = 1667 at attempts = 17000
 tracks = 1667 at attempts = 18000
 tracks = 1666 at attempts = 19000
 tracks = 1666 at attempts = 20000
 tracks = 1666 at attempts = 21000
 tracks = 1666 at attempts = 22000
 tracks = 1665 at attempts = 23000
 tracks = 1665 at attempts = 24000
 tracks = 1665 at attempts = 25000
 tracks = 1664 at attempts = 26000
 tracks = 1664 at attempts = 27000
 tracks = 1664 at attempts = 28000
 tracks = 1664 at attempts = 29000
 tracks = 1664 at attempts = 30000
 tracks = 1664 at attempts = 31000
 tracks = 1664 at attempts = 32000
 tracks = 1663 at attempts = 33000
 tracks = 1663 at attempts = 34000
 tracks = 1663 at attempts = 35000
 tracks = 1662 at attempts = 36000
 tracks = 1662 at attempts = 37000
 tracks = 1662 at attempts = 38000
 tracks = 1661 at attempts = 39000
 tracks = 1660 at attempts = 40000
 tracks = 1659 at attempts = 41000
 tracks = 1659 at attempts = 42000
 tracks = 1659 at attempts = 43000
 tracks = 1659 at attempts = 44000
 tracks = 1659 at attempts = 45000
 tracks = 1659 at attempts = 46000
 tracks = 1659 at attempts = 47000
 tracks = 1659 at attempts = 48000
 tracks = 1659 at attempts = 49000
 tracks = 1659 at attempts = 50000
 tracks = 1659 at attempts = 51000
 tracks = 1659 at attempts = 52000
 tracks = 1659 at attempts = 53000
 tracks = 1659 at attempts = 54000
 tracks = 1659 at attempts = 55000
 tracks = 1659 at attempts = 56000
 tracks = 1659 at attempts = 57000
 tracks = 1659 at attempts = 58000
 tracks = 1659 at attempts = 59000
 tracks = 1658 at attempts = 60000
 tracks = 1658 at attempts = 61000
 tracks = 1658 at attempts = 62000
 tracks = 1658 at attempts = 63000
 tracks = 1658 at attempts = 64000
 tracks = 1658 at attempts = 65000
 tracks = 1658 at attempts = 66000
 tracks = 1658 at attempts = 67000
 tracks = 1658 at attempts = 68000
 tracks = 1658 at attempts = 69000
 tracks = 1658 at attempts = 70000
 tracks = 1658 at attempts = 71000
 tracks = 1658 at attempts = 72000
 tracks = 1658 at attempts = 73000
 tracks = 1658 at attempts = 74000
 tracks = 1658 at attempts = 75000
 tracks = 1658 at attempts = 76000
 tracks = 1658 at attempts = 77000
 tracks = 1658 at attempts = 78000
 tracks = 1658 at attempts = 79000
 tracks = 1658 at attempts = 80000
 tracks = 1658 at attempts = 81000
 tracks = 1658 at attempts = 82000
 tracks = 1658 at attempts = 83000
 tracks = 1658 at attempts = 84000
 tracks = 1658 at attempts = 85000
 tracks = 1658 at attempts = 86000
 tracks = 1658 at attempts = 87000
 tracks = 1658 at attempts = 88000
 tracks = 1658 at attempts = 89000
 tracks = 1658 at attempts = 90000
 tracks = 1658 at attempts = 91000
 tracks = 1658 at attempts = 92000
 tracks = 1658 at attempts = 93000
 tracks = 1658 at attempts = 94000
 tracks = 1658 at attempts = 95000
 tracks = 1658 at attempts = 96000
 tracks = 1658 at attempts = 97000
 tracks = 1658 at attempts = 98000
 tracks = 1658 at attempts = 99000
 tracks = 1658 at attempts = 100000
 tracks = 1658 at attempts = 101000
 tracks = 1658 at attempts = 102000
 tracks = 1658 at attempts = 103000
 tracks = 1658 at attempts = 104000
 tracks = 1658 at attempts = 105000
 tracks = 1658 at attempts = 106000
 tracks = 1658 at attempts = 107000
 tracks = 1658 at attempts = 108000
 tracks = 1658 at attempts = 109000
 tracks = 1658 at attempts = 110000
 tracks = 1658 at attempts = 111000
 tracks = 1658 at attempts = 112000
 tracks = 1658 at attempts = 113000
 tracks = 1658 at attempts = 114000
 tracks = 1658 at attempts = 115000
 tracks = 1658 at attempts = 116000
 tracks = 1658 at attempts = 117000
 tracks = 1658 at attempts = 118000
 tracks = 1658 at attempts = 119000
 tracks = 1658 at attempts = 120000
 tracks = 1658 at attempts = 121000
 tracks = 1658 at attempts = 122000
 tracks = 1658 at attempts = 123000
 tracks = 1658 at attempts = 124000
 tracks = 1658 at attempts = 125000
 tracks = 1658 at attempts = 126000
 tracks = 1658 at attempts = 127000
 tracks = 1658 at attempts = 128000
 tracks = 1658 at attempts = 129000
 tracks = 1658 at attempts = 130000
 tracks = 1658 at attempts = 131000
 tracks = 1658 at attempts = 132000
 tracks = 1658 at attempts = 133000
 tracks = 1658 at attempts = 134000
 tracks = 1658 at attempts = 135000
 tracks = 1658 at attempts = 136000
 tracks = 1658 at attempts = 137000
 tracks = 1658 at attempts = 138000
 tracks = 1658 at attempts = 139000
 tracks = 1658 at attempts = 140000
 tracks = 1658 at attempts = 141000
 tracks = 1658 at attempts = 142000
 tracks = 1658 at attempts = 143000
 tracks = 1658 at attempts = 144000
 tracks = 1658 at attempts = 145000
 tracks = 1658 at attempts = 146000
 tracks = 1658 at attempts = 147000
 tracks = 1658 at attempts = 148000
 tracks = 1658 at attempts = 149000
 tracks = 1658 at attempts = 150000
 tracks = 1658 at attempts = 151000
 tracks = 1658 at attempts = 152000
 tracks = 1658 at attempts = 153000
 tracks = 1658 at attempts = 154000
 tracks = 1658 at attempts = 155000
 tracks = 1658 at attempts = 156000
 tracks = 1658 at attempts = 157000
 tracks = 1658 at attempts = 158000
 tracks = 1658 at attempts = 159000
 tracks = 1658 at attempts = 160000
 tracks = 1658 at attempts = 161000
 tracks = 1658 at attempts = 162000
 tracks = 1658 at attempts = 163000
 tracks = 1658 at attempts = 164000
 tracks = 1658 at attempts = 165000
 tracks = 1658 at attempts = 166000
 tracks = 1658 at attempts = 167000
 tracks = 1658 at attempts = 168000
 tracks = 1658 at attempts = 169000
 tracks = 1658 at attempts = 170000
 tracks = 1658 at attempts = 171000
 tracks = 1658 at attempts = 172000
 removing redundant feed-through pins
 the connectivity of all the nets is verified

 block left edge is at -239
 the longest block length is 62640
 building the steiner trees
 rebuilding the steiner tree

----start doing coarse global routing ------ 
 ITERATION  1
 ITERATION  2
 ITERATION  3
 ITERATION  4
 ITERATION  5
 ITERATION  6
 ITERATION  7
 ITERATION  8
 ITERATION  9
 ITERATION 10

  longest Row is:23   Its length is:65920
 doing feed-through pins assignment
 building the net-tree now !
 set up the global routing grids
 the starting value of tracks = 1769
 tracks = 1751 at attempts =  1000
 tracks = 1736 at attempts =  2000
 tracks = 1728 at attempts =  3000
 tracks = 1720 at attempts =  4000
 tracks = 1713 at attempts =  5000
 tracks = 1705 at attempts =  6000
 tracks = 1701 at attempts =  7000
 tracks = 1698 at attempts =  8000
 tracks = 1692 at attempts =  9000
 tracks = 1688 at attempts = 10000
 tracks = 1686 at attempts = 11000
 tracks = 1685 at attempts = 12000
 tracks = 1682 at attempts = 13000
 tracks = 1680 at attempts = 14000
 tracks = 1678 at attempts = 15000
 tracks = 1675 at attempts = 16000
 tracks = 1675 at attempts = 17000
 tracks = 1674 at attempts = 18000
 tracks = 1673 at attempts = 19000
 tracks = 1672 at attempts = 20000
 tracks = 1670 at attempts = 21000
 tracks = 1670 at attempts = 22000
 tracks = 1670 at attempts = 23000
 tracks = 1670 at attempts = 24000
 tracks = 1670 at attempts = 25000
 tracks = 1669 at attempts = 26000
 tracks = 1669 at attempts = 27000
 tracks = 1669 at attempts = 28000
 tracks = 1669 at attempts = 29000
 tracks = 1669 at attempts = 30000
 tracks = 1669 at attempts = 31000
 tracks = 1668 at attempts = 32000
 tracks = 1668 at attempts = 33000
 tracks = 1668 at attempts = 34000
 tracks = 1667 at attempts = 35000
 tracks = 1667 at attempts = 36000
 tracks = 1666 at attempts = 37000
 tracks = 1666 at attempts = 38000
 tracks = 1666 at attempts = 39000
 tracks = 1666 at attempts = 40000
 tracks = 1666 at attempts = 41000
 tracks = 1666 at attempts = 42000
 tracks = 1666 at attempts = 43000
 tracks = 1665 at attempts = 44000
 tracks = 1665 at attempts = 45000
 tracks = 1665 at attempts = 46000
 tracks = 1664 at attempts = 47000
 tracks = 1664 at attempts = 48000
 tracks = 1664 at attempts = 49000
 tracks = 1664 at attempts = 50000
 tracks = 1664 at attempts = 51000
 tracks = 1664 at attempts = 52000
 tracks = 1664 at attempts = 53000
 tracks = 1664 at attempts = 54000
 tracks = 1664 at attempts = 55000
 tracks = 1664 at attempts = 56000
 tracks = 1664 at attempts = 57000
 tracks = 1664 at attempts = 58000
 tracks = 1664 at attempts = 59000
 tracks = 1664 at attempts = 60000
 tracks = 1664 at attempts = 61000
 tracks = 1664 at attempts = 62000
 tracks = 1664 at attempts = 63000
 tracks = 1664 at attempts = 64000
 tracks = 1664 at attempts = 65000
 tracks = 1664 at attempts = 66000
 tracks = 1664 at attempts = 67000
 tracks = 1664 at attempts = 68000
 tracks = 1664 at attempts = 69000
 tracks = 1664 at attempts = 70000
 tracks = 1664 at attempts = 71000
 tracks = 1664 at attempts = 72000
 tracks = 1664 at attempts = 73000
 tracks = 1664 at attempts = 74000
 tracks = 1664 at attempts = 75000
 tracks = 1664 at attempts = 76000
 tracks = 1664 at attempts = 77000
 tracks = 1663 at attempts = 78000
 tracks = 1663 at attempts = 79000
 tracks = 1663 at attempts = 80000
 tracks = 1663 at attempts = 81000
 tracks = 1663 at attempts = 82000
 tracks = 1663 at attempts = 83000
 tracks = 1663 at attempts = 84000
 tracks = 1663 at attempts = 85000
 tracks = 1663 at attempts = 86000
 tracks = 1663 at attempts = 87000
 tracks = 1663 at attempts = 88000
 tracks = 1663 at attempts = 89000
 tracks = 1663 at attempts = 90000
 tracks = 1663 at attempts = 91000
 tracks = 1663 at attempts = 92000
 tracks = 1663 at attempts = 93000
 tracks = 1663 at attempts = 94000
 tracks = 1663 at attempts = 95000
 tracks = 1663 at attempts = 96000
 tracks = 1663 at attempts = 97000
 tracks = 1663 at attempts = 98000
 tracks = 1663 at attempts = 99000
 tracks = 1663 at attempts = 100000
 tracks = 1663 at attempts = 101000
 tracks = 1663 at attempts = 102000
 tracks = 1663 at attempts = 103000
 tracks = 1663 at attempts = 104000
 tracks = 1663 at attempts = 105000
 tracks = 1663 at attempts = 106000
 tracks = 1663 at attempts = 107000
 tracks = 1663 at attempts = 108000
 tracks = 1663 at attempts = 109000
 tracks = 1663 at attempts = 110000
 tracks = 1663 at attempts = 111000
 tracks = 1663 at attempts = 112000
 tracks = 1663 at attempts = 113000
 tracks = 1663 at attempts = 114000
 tracks = 1663 at attempts = 115000
 tracks = 1663 at attempts = 116000
 tracks = 1663 at attempts = 117000
 tracks = 1663 at attempts = 118000
 tracks = 1663 at attempts = 119000
 tracks = 1663 at attempts = 120000
 tracks = 1663 at attempts = 121000
 tracks = 1663 at attempts = 122000
 tracks = 1663 at attempts = 123000
 tracks = 1663 at attempts = 124000
 tracks = 1663 at attempts = 125000
 tracks = 1663 at attempts = 126000
 tracks = 1662 at attempts = 127000
 tracks = 1662 at attempts = 128000
 tracks = 1662 at attempts = 129000
 tracks = 1662 at attempts = 130000
 tracks = 1662 at attempts = 131000
 tracks = 1662 at attempts = 132000
 tracks = 1662 at attempts = 133000
 tracks = 1662 at attempts = 134000
 tracks = 1662 at attempts = 135000
 tracks = 1662 at attempts = 136000
 tracks = 1662 at attempts = 137000
 tracks = 1662 at attempts = 138000
 tracks = 1662 at attempts = 139000
 tracks = 1662 at attempts = 140000
 tracks = 1662 at attempts = 141000
 tracks = 1662 at attempts = 142000
 tracks = 1662 at attempts = 143000
 tracks = 1662 at attempts = 144000
 tracks = 1662 at attempts = 145000
 tracks = 1662 at attempts = 146000
 tracks = 1662 at attempts = 147000
 tracks = 1662 at attempts = 148000
 tracks = 1662 at attempts = 149000
 tracks = 1662 at attempts = 150000
 tracks = 1662 at attempts = 151000
 tracks = 1662 at attempts = 152000
 tracks = 1662 at attempts = 153000
 tracks = 1662 at attempts = 154000
 tracks = 1662 at attempts = 155000
 tracks = 1662 at attempts = 156000
 tracks = 1662 at attempts = 157000
 tracks = 1662 at attempts = 158000
 tracks = 1662 at attempts = 159000
 tracks = 1662 at attempts = 160000
 tracks = 1662 at attempts = 161000
 tracks = 1662 at attempts = 162000
 tracks = 1662 at attempts = 163000
 tracks = 1662 at attempts = 164000
 tracks = 1662 at attempts = 165000
 tracks = 1662 at attempts = 166000
 tracks = 1662 at attempts = 167000
 tracks = 1662 at attempts = 168000
 tracks = 1662 at attempts = 169000
 tracks = 1662 at attempts = 170000
 tracks = 1662 at attempts = 171000
 tracks = 1662 at attempts = 172000
 removing redundant feed-through pins
 the connectivity of all the nets is verified

 block left edge is at -239
 the longest block length is 62640
 building the steiner trees
 rebuilding the steiner tree

----start doing coarse global routing ------ 
 ITERATION  1

  longest Row is:15   Its length is:61360
 doing feed-through pins assignment
 building the net-tree now !
 set up the global routing grids
 the starting value of tracks = 1544
 tracks = 1542 at attempts =  1000
 tracks = 1542 at attempts =  2000
 tracks = 1542 at attempts =  3000
 tracks = 1542 at attempts =  4000
 tracks = 1541 at attempts =  5000
 tracks = 1541 at attempts =  6000
 tracks = 1540 at attempts =  7000
 tracks = 1540 at attempts =  8000
 tracks = 1539 at attempts =  9000
 tracks = 1539 at attempts = 10000
 tracks = 1539 at attempts = 11000
 tracks = 1539 at attempts = 12000
 tracks = 1539 at attempts = 13000
 tracks = 1539 at attempts = 14000
 tracks = 1539 at attempts = 15000
 tracks = 1538 at attempts = 16000
 tracks = 1538 at attempts = 17000
 tracks = 1538 at attempts = 18000
 tracks = 1538 at attempts = 19000
 tracks = 1538 at attempts = 20000
 tracks = 1538 at attempts = 21000
 tracks = 1538 at attempts = 22000
 tracks = 1538 at attempts = 23000
 tracks = 1537 at attempts = 24000
 tracks = 1537 at attempts = 25000
 tracks = 1537 at attempts = 26000
 tracks = 1537 at attempts = 27000
 tracks = 1537 at attempts = 28000
 tracks = 1537 at attempts = 29000
 tracks = 1537 at attempts = 30000
 tracks = 1537 at attempts = 31000
 tracks = 1537 at attempts = 32000
 tracks = 1537 at attempts = 33000
 tracks = 1537 at attempts = 34000
 tracks = 1537 at attempts = 35000
 tracks = 1537 at attempts = 36000
 tracks = 1537 at attempts = 37000
 tracks = 1537 at attempts = 38000
 tracks = 1537 at attempts = 39000
 tracks = 1537 at attempts = 40000
 tracks = 1537 at attempts = 41000
 tracks = 1537 at attempts = 42000
 tracks = 1537 at attempts = 43000
 tracks = 1537 at attempts = 44000
 tracks = 1537 at attempts = 45000
 tracks = 1537 at attempts = 46000
 tracks = 1537 at attempts = 47000
 tracks = 1537 at attempts = 48000
 tracks = 1537 at attempts = 49000
 tracks = 1537 at attempts = 50000
 tracks = 1537 at attempts = 51000
 tracks = 1537 at attempts = 52000
 tracks = 1537 at attempts = 53000
 tracks = 1537 at attempts = 54000
 tracks = 1537 at attempts = 55000
 tracks = 1537 at attempts = 56000
 tracks = 1537 at attempts = 57000
 tracks = 1537 at attempts = 58000
 tracks = 1537 at attempts = 59000
 tracks = 1537 at attempts = 60000
 tracks = 1537 at attempts = 61000
 tracks = 1537 at attempts = 62000
 tracks = 1537 at attempts = 63000
 tracks = 1537 at attempts = 64000
 tracks = 1537 at attempts = 65000
 tracks = 1537 at attempts = 66000
 tracks = 1537 at attempts = 67000
 tracks = 1537 at attempts = 68000
 tracks = 1537 at attempts = 69000
 tracks = 1537 at attempts = 70000
 tracks = 1537 at attempts = 71000
 tracks = 1537 at attempts = 72000
 tracks = 1537 at attempts = 73000
 tracks = 1537 at attempts = 74000
 tracks = 1537 at attempts = 75000
 tracks = 1537 at attempts = 76000
 tracks = 1537 at attempts = 77000
 tracks = 1537 at attempts = 78000
 tracks = 1537 at attempts = 79000
 tracks = 1537 at attempts = 80000
 tracks = 1537 at attempts = 81000
 tracks = 1537 at attempts = 82000
 tracks = 1537 at attempts = 83000
 tracks = 1537 at attempts = 84000
 tracks = 1537 at attempts = 85000
 tracks = 1537 at attempts = 86000
 tracks = 1537 at attempts = 87000
 tracks = 1537 at attempts = 88000
 tracks = 1537 at attempts = 89000
 tracks = 1537 at attempts = 90000
 tracks = 1537 at attempts = 91000
 tracks = 1537 at attempts = 92000
 tracks = 1537 at attempts = 93000
 tracks = 1537 at attempts = 94000
 tracks = 1537 at attempts = 95000
 tracks = 1537 at attempts = 96000
 tracks = 1537 at attempts = 97000
 tracks = 1537 at attempts = 98000
 tracks = 1537 at attempts = 99000
 tracks = 1537 at attempts = 100000
 tracks = 1537 at attempts = 101000
 tracks = 1537 at attempts = 102000
 tracks = 1537 at attempts = 103000
 tracks = 1537 at attempts = 104000
 tracks = 1537 at attempts = 105000
 tracks = 1537 at attempts = 106000
 tracks = 1537 at attempts = 107000
 tracks = 1537 at attempts = 108000
 tracks = 1537 at attempts = 109000
 tracks = 1537 at attempts = 110000
 tracks = 1537 at attempts = 111000
 tracks = 1537 at attempts = 112000
 tracks = 1537 at attempts = 113000
 tracks = 1537 at attempts = 114000
 tracks = 1537 at attempts = 115000
 tracks = 1537 at attempts = 116000
 tracks = 1537 at attempts = 117000
 tracks = 1537 at attempts = 118000
 tracks = 1537 at attempts = 119000
 tracks = 1537 at attempts = 120000
 tracks = 1537 at attempts = 121000
 tracks = 1537 at attempts = 122000
 tracks = 1537 at attempts = 123000
 tracks = 1537 at attempts = 124000
 tracks = 1537 at attempts = 125000
 tracks = 1537 at attempts = 126000
 tracks = 1537 at attempts = 127000
 tracks = 1537 at attempts = 128000
 tracks = 1537 at attempts = 129000
 tracks = 1537 at attempts = 130000
 tracks = 1537 at attempts = 131000
 tracks = 1537 at attempts = 132000
 tracks = 1537 at attempts = 133000
 tracks = 1537 at attempts = 134000
 tracks = 1537 at attempts = 135000
 tracks = 1537 at attempts = 136000
 tracks = 1537 at attempts = 137000
 tracks = 1537 at attempts = 138000
 tracks = 1537 at attempts = 139000
 tracks = 1537 at attempts = 140000
 tracks = 1537 at attempts = 141000
 tracks = 1537 at attempts = 142000
 tracks = 1537 at attempts = 143000
 tracks = 1537 at attempts = 144000
 tracks = 1537 at attempts = 145000
 tracks = 1537 at attempts = 146000
 tracks = 1537 at attempts = 147000
 tracks = 1537 at attempts = 148000
 tracks = 1537 at attempts = 149000
 tracks = 1537 at attempts = 150000
 tracks = 1537 at attempts = 151000
 tracks = 1537 at attempts = 152000
 tracks = 1537 at attempts = 153000
 tracks = 1537 at attempts = 154000
 tracks = 1537 at attempts = 155000
 tracks = 1537 at attempts = 156000
 tracks = 1537 at attempts = 157000
 tracks = 1537 at attempts = 158000
 tracks = 1537 at attempts = 159000
 tracks = 1537 at attempts = 160000
 tracks = 1537 at attempts = 161000
 tracks = 1537 at attempts = 162000
 tracks = 1537 at attempts = 163000
 tracks = 1537 at attempts = 164000
 tracks = 1537 at attempts = 165000
 tracks = 1537 at attempts = 166000
 tracks = 1537 at attempts = 167000
 tracks = 1537 at attempts = 168000
 tracks = 1537 at attempts = 169000
 tracks = 1537 at attempts = 170000
 tracks = 1537 at attempts = 171000
 tracks = 1537 at attempts = 172000
 removing redundant feed-through pins
 the connectivity of all the nets is verified

 block left edge is at -239
 the longest block length is 62640
 building the steiner trees
 rebuilding the steiner tree

----start doing coarse global routing ------ 
 ITERATION  1
 ITERATION  2
 ITERATION  3
 ITERATION  4
 ITERATION  5
 ITERATION  6
 ITERATION  7
 ITERATION  8
 ITERATION  9
 ITERATION 10

  longest Row is:20   Its length is:65680
 doing feed-through pins assignment
 building the net-tree now !
 set up the global routing grids
 the starting value of tracks = 1742
 tracks = 1724 at attempts =  1000
 tracks = 1708 at attempts =  2000
 tracks = 1699 at attempts =  3000
 tracks = 1694 at attempts =  4000
 tracks = 1687 at attempts =  5000
 tracks = 1684 at attempts =  6000
 tracks = 1682 at attempts =  7000
 tracks = 1675 at attempts =  8000
 tracks = 1665 at attempts =  9000
 tracks = 1663 at attempts = 10000
 tracks = 1662 at attempts = 11000
 tracks = 1661 at attempts = 12000
 tracks = 1659 at attempts = 13000
 tracks = 1657 at attempts = 14000
 tracks = 1655 at attempts = 15000
 tracks = 1653 at attempts = 16000
 tracks = 1652 at attempts = 17000
 tracks = 1651 at attempts = 18000
 tracks = 1649 at attempts = 19000
 tracks = 1648 at attempts = 20000
 tracks = 1647 at attempts = 21000
 tracks = 1647 at attempts = 22000
 tracks = 1646 at attempts = 23000
 tracks = 1646 at attempts = 24000
 tracks = 1646 at attempts = 25000
 tracks = 1644 at attempts = 26000
 tracks = 1644 at attempts = 27000
 tracks = 1644 at attempts = 28000
 tracks = 1644 at attempts = 29000
 tracks = 1644 at attempts = 30000
 tracks = 1644 at attempts = 31000
 tracks = 1643 at attempts = 32000
 tracks = 1643 at attempts = 33000
 tracks = 1643 at attempts = 34000
 tracks = 1643 at attempts = 35000
 tracks = 1643 at attempts = 36000
 tracks = 1643 at attempts = 37000
 tracks = 1643 at attempts = 38000
 tracks = 1643 at attempts = 39000
 tracks = 1643 at attempts = 40000
 tracks = 1642 at attempts = 41000
 tracks = 1642 at attempts = 42000
 tracks = 1642 at attempts = 43000
 tracks = 1642 at attempts = 44000
 tracks = 1642 at attempts = 45000
 tracks = 1641 at attempts = 46000
 tracks = 1641 at attempts = 47000
 tracks = 1641 at attempts = 48000
 tracks = 1641 at attempts = 49000
 tracks = 1640 at attempts = 50000
 tracks = 1640 at attempts = 51000
 tracks = 1640 at attempts = 52000
 tracks = 1639 at attempts = 53000
 tracks = 1639 at attempts = 54000
 tracks = 1639 at attempts = 55000
 tracks = 1639 at attempts = 56000
 tracks = 1639 at attempts = 57000
 tracks = 1639 at attempts = 58000
 tracks = 1639 at attempts = 59000
 tracks = 1639 at attempts = 60000
 tracks = 1639 at attempts = 61000
 tracks = 1639 at attempts = 62000
 tracks = 1639 at attempts = 63000
 tracks = 1639 at attempts = 64000
 tracks = 1639 at attempts = 65000
 tracks = 1639 at attempts = 66000
 tracks = 1639 at attempts = 67000
 tracks = 1639 at attempts = 68000
 tracks = 1639 at attempts = 69000
 tracks = 1639 at attempts = 70000
 tracks = 1639 at attempts = 71000
 tracks = 1639 at attempts = 72000
 tracks = 1639 at attempts = 73000
 tracks = 1639 at attempts = 74000
 tracks = 1639 at attempts = 75000
 tracks = 1639 at attempts = 76000
 tracks = 1639 at attempts = 77000
 tracks = 1639 at attempts = 78000
 tracks = 1639 at attempts = 79000
 tracks = 1639 at attempts = 80000
 tracks = 1639 at attempts = 81000
 tracks = 1639 at attempts = 82000
 tracks = 1639 at attempts = 83000
 tracks = 1639 at attempts = 84000
 tracks = 1639 at attempts = 85000
 tracks = 1639 at attempts = 86000
 tracks = 1639 at attempts = 87000
 tracks = 1639 at attempts = 88000
 tracks = 1639 at attempts = 89000
 tracks = 1639 at attempts = 90000
 tracks = 1639 at attempts = 91000
 tracks = 1639 at attempts = 92000
 tracks = 1639 at attempts = 93000
 tracks = 1639 at attempts = 94000
 tracks = 1639 at attempts = 95000
 tracks = 1639 at attempts = 96000
 tracks = 1639 at attempts = 97000
 tracks = 1639 at attempts = 98000
 tracks = 1639 at attempts = 99000
 tracks = 1639 at attempts = 100000
 tracks = 1639 at attempts = 101000
 tracks = 1639 at attempts = 102000
 tracks = 1639 at attempts = 103000
 tracks = 1639 at attempts = 104000
 tracks = 1639 at attempts = 105000
 tracks = 1639 at attempts = 106000
 tracks = 1639 at attempts = 107000
 tracks = 1639 at attempts = 108000
 tracks = 1639 at attempts = 109000
 tracks = 1639 at attempts = 110000
 tracks = 1639 at attempts = 111000
 tracks = 1639 at attempts = 112000
 tracks = 1639 at attempts = 113000
 tracks = 1639 at attempts = 114000
 tracks = 1639 at attempts = 115000
 tracks = 1639 at attempts = 116000
 tracks = 1639 at attempts = 117000
 tracks = 1639 at attempts = 118000
 tracks = 1639 at attempts = 119000
 tracks = 1639 at attempts = 120000
 tracks = 1639 at attempts = 121000
 tracks = 1639 at attempts = 122000
 tracks = 1639 at attempts = 123000
 tracks = 1639 at attempts = 124000
 tracks = 1639 at attempts = 125000
 tracks = 1639 at attempts = 126000
 tracks = 1639 at attempts = 127000
 tracks = 1639 at attempts = 128000
 tracks = 1639 at attempts = 129000
 tracks = 1639 at attempts = 130000
 tracks = 1639 at attempts = 131000
 tracks = 1639 at attempts = 132000
 tracks = 1639 at attempts = 133000
 tracks = 1639 at attempts = 134000
 tracks = 1639 at attempts = 135000
 tracks = 1639 at attempts = 136000
 tracks = 1639 at attempts = 137000
 tracks = 1639 at attempts = 138000
 tracks = 1639 at attempts = 139000
 tracks = 1639 at attempts = 140000
 tracks = 1639 at attempts = 141000
 tracks = 1639 at attempts = 142000
 tracks = 1639 at attempts = 143000
 tracks = 1639 at attempts = 144000
 tracks = 1639 at attempts = 145000
 tracks = 1639 at attempts = 146000
 tracks = 1639 at attempts = 147000
 tracks = 1639 at attempts = 148000
 tracks = 1639 at attempts = 149000
 tracks = 1639 at attempts = 150000
 tracks = 1639 at attempts = 151000
 tracks = 1639 at attempts = 152000
 tracks = 1639 at attempts = 153000
 tracks = 1639 at attempts = 154000
 tracks = 1639 at attempts = 155000
 tracks = 1639 at attempts = 156000
 tracks = 1639 at attempts = 157000
 tracks = 1639 at attempts = 158000
 tracks = 1639 at attempts = 159000
 tracks = 1639 at attempts = 160000
 tracks = 1639 at attempts = 161000
 tracks = 1639 at attempts = 162000
 tracks = 1639 at attempts = 163000
 tracks = 1639 at attempts = 164000
 tracks = 1639 at attempts = 165000
 tracks = 1639 at attempts = 166000
 tracks = 1639 at attempts = 167000
 tracks = 1639 at attempts = 168000
 tracks = 1639 at attempts = 169000
 tracks = 1639 at attempts = 170000
 tracks = 1639 at attempts = 171000
 tracks = 1639 at attempts = 172000
 removing redundant feed-through pins
 the connectivity of all the nets is verified

 block left edge is at -239
 the longest block length is 62640
 building the steiner trees
 rebuilding the steiner tree

----start doing coarse global routing ------ 
 ITERATION  1
 ITERATION  2
 ITERATION  3
 ITERATION  4
 ITERATION  5
 ITERATION  6
 ITERATION  7
 ITERATION  8
 ITERATION  9
 ITERATION 10
 ITERATION 11
 ITERATION 12
 ITERATION 13
 ITERATION 14

  longest Row is:20   Its length is:65760
 doing feed-through pins assignment
 building the net-tree now !
 set up the global routing grids
 the starting value of tracks = 1714
 tracks = 1702 at attempts =  1000
 tracks = 1691 at attempts =  2000
 tracks = 1683 at attempts =  3000
 tracks = 1674 at attempts =  4000
 tracks = 1665 at attempts =  5000
 tracks = 1659 at attempts =  6000
 tracks = 1654 at attempts =  7000
 tracks = 1646 at attempts =  8000
 tracks = 1643 at attempts =  9000
 tracks = 1642 at attempts = 10000
 tracks = 1639 at attempts = 11000
 tracks = 1636 at attempts = 12000
 tracks = 1636 at attempts = 13000
 tracks = 1634 at attempts = 14000
 tracks = 1633 at attempts = 15000
 tracks = 1631 at attempts = 16000
 tracks = 1631 at attempts = 17000
 tracks = 1630 at attempts = 18000
 tracks = 1627 at attempts = 19000
 tracks = 1627 at attempts = 20000
 tracks = 1627 at attempts = 21000
 tracks = 1625 at attempts = 22000
 tracks = 1624 at attempts = 23000
 tracks = 1624 at attempts = 24000
 tracks = 1624 at attempts = 25000
 tracks = 1624 at attempts = 26000
 tracks = 1624 at attempts = 27000
 tracks = 1624 at attempts = 28000
 tracks = 1624 at attempts = 29000
 tracks = 1623 at attempts = 30000
 tracks = 1622 at attempts = 31000
 tracks = 1622 at attempts = 32000
 tracks = 1622 at attempts = 33000
 tracks = 1622 at attempts = 34000
 tracks = 1622 at attempts = 35000
 tracks = 1622 at attempts = 36000
 tracks = 1622 at attempts = 37000
 tracks = 1622 at attempts = 38000
 tracks = 1621 at attempts = 39000
 tracks = 1621 at attempts = 40000
 tracks = 1621 at attempts = 41000
 tracks = 1621 at attempts = 42000
 tracks = 1621 at attempts = 43000
 tracks = 1621 at attempts = 44000
 tracks = 1621 at attempts = 45000
 tracks = 1621 at attempts = 46000
 tracks = 1621 at attempts = 47000
 tracks = 1621 at attempts = 48000
 tracks = 1620 at attempts = 49000
 tracks = 1620 at attempts = 50000
 tracks = 1620 at attempts = 51000
 tracks = 1620 at attempts = 52000
 tracks = 1620 at attempts = 53000
 tracks = 1620 at attempts = 54000
 tracks = 1620 at attempts = 55000
 tracks = 1620 at attempts = 56000
 tracks = 1620 at attempts = 57000
 tracks = 1620 at attempts = 58000
 tracks = 1620 at attempts = 59000
 tracks = 1620 at attempts = 60000
 tracks = 1620 at attempts = 61000
 tracks = 1620 at attempts = 62000
 tracks = 1620 at attempts = 63000
 tracks = 1620 at attempts = 64000
 tracks = 1620 at attempts = 65000
 tracks = 1620 at attempts = 66000
 tracks = 1620 at attempts = 67000
 tracks = 1620 at attempts = 68000
 tracks = 1620 at attempts = 69000
 tracks = 1620 at attempts = 70000
 tracks = 1620 at attempts = 71000
 tracks = 1620 at attempts = 72000
 tracks = 1620 at attempts = 73000
 tracks = 1620 at attempts = 74000
 tracks = 1620 at attempts = 75000
 tracks = 1620 at attempts = 76000
 tracks = 1620 at attempts = 77000
 tracks = 1620 at attempts = 78000
 tracks = 1620 at attempts = 79000
 tracks = 1620 at attempts = 80000
 tracks = 1620 at attempts = 81000
 tracks = 1620 at attempts = 82000
 tracks = 1620 at attempts = 83000
 tracks = 1620 at attempts = 84000
 tracks = 1620 at attempts = 85000
 tracks = 1620 at attempts = 86000
 tracks = 1620 at attempts = 87000
 tracks = 1620 at attempts = 88000
 tracks = 1620 at attempts = 89000
 tracks = 1620 at attempts = 90000
 tracks = 1620 at attempts = 91000
 tracks = 1620 at attempts = 92000
 tracks = 1620 at attempts = 93000
 tracks = 1620 at attempts = 94000
 tracks = 1620 at attempts = 95000
 tracks = 1620 at attempts = 96000
 tracks = 1620 at attempts = 97000
 tracks = 1620 at attempts = 98000
 tracks = 1620 at attempts = 99000
 tracks = 1620 at attempts = 100000
 tracks = 1620 at attempts = 101000
 tracks = 1620 at attempts = 102000
 tracks = 1620 at attempts = 103000
 tracks = 1620 at attempts = 104000
 tracks = 1620 at attempts = 105000
 tracks = 1620 at attempts = 106000
 tracks = 1620 at attempts = 107000
 tracks = 1620 at attempts = 108000
 tracks = 1620 at attempts = 109000
 tracks = 1620 at attempts = 110000
 tracks = 1620 at attempts = 111000
 tracks = 1620 at attempts = 112000
 tracks = 1620 at attempts = 113000
 tracks = 1620 at attempts = 114000
 tracks = 1620 at attempts = 115000
 tracks = 1620 at attempts = 116000
 tracks = 1620 at attempts = 117000
 tracks = 1620 at attempts = 118000
 tracks = 1620 at attempts = 119000
 tracks = 1620 at attempts = 120000
 tracks = 1620 at attempts = 121000
 tracks = 1620 at attempts = 122000
 tracks = 1620 at attempts = 123000
 tracks = 1620 at attempts = 124000
 tracks = 1619 at attempts = 125000
 tracks = 1619 at attempts = 126000
 tracks = 1619 at attempts = 127000
 tracks = 1619 at attempts = 128000
 tracks = 1619 at attempts = 129000
 tracks = 1619 at attempts = 130000
 tracks = 1619 at attempts = 131000
 tracks = 1619 at attempts = 132000
 tracks = 1619 at attempts = 133000
 tracks = 1619 at attempts = 134000
 tracks = 1619 at attempts = 135000
 tracks = 1619 at attempts = 136000
 tracks = 1619 at attempts = 137000
 tracks = 1619 at attempts = 138000
 tracks = 1619 at attempts = 139000
 tracks = 1619 at attempts = 140000
 tracks = 1619 at attempts = 141000
 tracks = 1619 at attempts = 142000
 tracks = 1619 at attempts = 143000
 tracks = 1619 at attempts = 144000
 tracks = 1619 at attempts = 145000
 tracks = 1619 at attempts = 146000
 tracks = 1619 at attempts = 147000
 tracks = 1619 at attempts = 148000
 tracks = 1619 at attempts = 149000
 tracks = 1619 at attempts = 150000
 tracks = 1619 at attempts = 151000
 tracks = 1619 at attempts = 152000
 tracks = 1619 at attempts = 153000
 tracks = 1619 at attempts = 154000
 tracks = 1619 at attempts = 155000
 tracks = 1619 at attempts = 156000
 tracks = 1619 at attempts = 157000
 tracks = 1619 at attempts = 158000
 tracks = 1619 at attempts = 159000
 tracks = 1619 at attempts = 160000
 tracks = 1619 at attempts = 161000
 tracks = 1619 at attempts = 162000
 tracks = 1619 at attempts = 163000
 tracks = 1619 at attempts = 164000
 tracks = 1619 at attempts = 165000
 tracks = 1619 at attempts = 166000
 tracks = 1619 at attempts = 167000
 tracks = 1619 at attempts = 168000
 tracks = 1619 at attempts = 169000
 tracks = 1619 at attempts = 170000
 tracks = 1619 at attempts = 171000
 tracks = 1619 at attempts = 172000
 removing redundant feed-through pins
 the connectivity of all the nets is verified

 block left edge is at -239
 the longest block length is 62640
 building the steiner trees
 rebuilding the steiner tree

----start doing coarse global routing ------ 
 ITERATION  1
 ITERATION  2
 ITERATION  3
 ITERATION  4
 ITERATION  5
 ITERATION  6
 ITERATION  7
 ITERATION  8
 ITERATION  9
 ITERATION 10

  longest Row is:23   Its length is:65920
 doing feed-through pins assignment
 building the net-tree now !
 set up the global routing grids
 the starting value of tracks = 1819
 tracks = 1802 at attempts =  1000
 tracks = 1786 at attempts =  2000
 tracks = 1773 at attempts =  3000
 tracks = 1758 at attempts =  4000
 tracks = 1748 at attempts =  5000
 tracks = 1742 at attempts =  6000
 tracks = 1736 at attempts =  7000
 tracks = 1731 at attempts =  8000
 tracks = 1727 at attempts =  9000
 tracks = 1725 at attempts = 10000
 tracks = 1724 at attempts = 11000
 tracks = 1720 at attempts = 12000
 tracks = 1718 at attempts = 13000
 tracks = 1716 at attempts = 14000
 tracks = 1716 at attempts = 15000
 tracks = 1715 at attempts = 16000
 tracks = 1714 at attempts = 17000
 tracks = 1714 at attempts = 18000
 tracks = 1713 at attempts = 19000
 tracks = 1713 at attempts = 20000
 tracks = 1713 at attempts = 21000
 tracks = 1713 at attempts = 22000
 tracks = 1712 at attempts = 23000
 tracks = 1711 at attempts = 24000
 tracks = 1711 at attempts = 25000
 tracks = 1711 at attempts = 26000
 tracks = 1711 at attempts = 27000
 tracks = 1711 at attempts = 28000
 tracks = 1711 at attempts = 29000
 tracks = 1711 at attempts = 30000
 tracks = 1711 at attempts = 31000
 tracks = 1711 at attempts = 32000
 tracks = 1710 at attempts = 33000
 tracks = 1709 at attempts = 34000
 tracks = 1709 at attempts = 35000
 tracks = 1708 at attempts = 36000
 tracks = 1708 at attempts = 37000
 tracks = 1708 at attempts = 38000
 tracks = 1708 at attempts = 39000
 tracks = 1708 at attempts = 40000
 tracks = 1708 at attempts = 41000
 tracks = 1708 at attempts = 42000
 tracks = 1708 at attempts = 43000
 tracks = 1708 at attempts = 44000
 tracks = 1708 at attempts = 45000
 tracks = 1708 at attempts = 46000
 tracks = 1708 at attempts = 47000
 tracks = 1708 at attempts = 48000
 tracks = 1707 at attempts = 49000
 tracks = 1707 at attempts = 50000
 tracks = 1707 at attempts = 51000
 tracks = 1707 at attempts = 52000
 tracks = 1707 at attempts = 53000
 tracks = 1707 at attempts = 54000
 tracks = 1707 at attempts = 55000
 tracks = 1707 at attempts = 56000
 tracks = 1707 at attempts = 57000
 tracks = 1707 at attempts = 58000
 tracks = 1705 at attempts = 59000
 tracks = 1705 at attempts = 60000
 tracks = 1705 at attempts = 61000
 tracks = 1705 at attempts = 62000
 tracks = 1705 at attempts = 63000
 tracks = 1705 at attempts = 64000
 tracks = 1705 at attempts = 65000
 tracks = 1705 at attempts = 66000
 tracks = 1705 at attempts = 67000
 tracks = 1705 at attempts = 68000
 tracks = 1705 at attempts = 69000
 tracks = 1705 at attempts = 70000
 tracks = 1705 at attempts = 71000
 tracks = 1705 at attempts = 72000
 tracks = 1705 at attempts = 73000
 tracks = 1705 at attempts = 74000
 tracks = 1705 at attempts = 75000
 tracks = 1705 at attempts = 76000
 tracks = 1705 at attempts = 77000
 tracks = 1705 at attempts = 78000
 tracks = 1705 at attempts = 79000
 tracks = 1705 at attempts = 80000
 tracks = 1705 at attempts = 81000
 tracks = 1705 at attempts = 82000
 tracks = 1705 at attempts = 83000
 tracks = 1705 at attempts = 84000
 tracks = 1704 at attempts = 85000
 tracks = 1704 at attempts = 86000
 tracks = 1704 at attempts = 87000
 tracks = 1704 at attempts = 88000
 tracks = 1704 at attempts = 89000
 tracks = 1704 at attempts = 90000
 tracks = 1704 at attempts = 91000
 tracks = 1704 at attempts = 92000
 tracks = 1704 at attempts = 93000
 tracks = 1704 at attempts = 94000
 tracks = 1704 at attempts = 95000
 tracks = 1704 at attempts = 96000
 tracks = 1704 at attempts = 97000
 tracks = 1704 at attempts = 98000
 tracks = 1704 at attempts = 99000
 tracks = 1704 at attempts = 100000
 tracks = 1704 at attempts = 101000
 tracks = 1704 at attempts = 102000
 tracks = 1704 at attempts = 103000
 tracks = 1704 at attempts = 104000
 tracks = 1704 at attempts = 105000
 tracks = 1704 at attempts = 106000
 tracks = 1704 at attempts = 107000
 tracks = 1704 at attempts = 108000
 tracks = 1704 at attempts = 109000
 tracks = 1704 at attempts = 110000
 tracks = 1704 at attempts = 111000
 tracks = 1704 at attempts = 112000
 tracks = 1704 at attempts = 113000
 tracks = 1704 at attempts = 114000
 tracks = 1704 at attempts = 115000
 tracks = 1704 at attempts = 116000
 tracks = 1704 at attempts = 117000
 tracks = 1704 at attempts = 118000
 tracks = 1704 at attempts = 119000
 tracks = 1704 at attempts = 120000
 tracks = 1704 at attempts = 121000
 tracks = 1704 at attempts = 122000
 tracks = 1704 at attempts = 123000
 tracks = 1704 at attempts = 124000
 tracks = 1704 at attempts = 125000
 tracks = 1704 at attempts = 126000
 tracks = 1704 at attempts = 127000
 tracks = 1704 at attempts = 128000
 tracks = 1704 at attempts = 129000
 tracks = 1704 at attempts = 130000
 tracks = 1704 at attempts = 131000
 tracks = 1704 at attempts = 132000
 tracks = 1704 at attempts = 133000
 tracks = 1704 at attempts = 134000
 tracks = 1704 at attempts = 135000
 tracks = 1704 at attempts = 136000
 tracks = 1704 at attempts = 137000
 tracks = 1704 at attempts = 138000
 tracks = 1704 at attempts = 139000
 tracks = 1704 at attempts = 140000
 tracks = 1704 at attempts = 141000
 tracks = 1704 at attempts = 142000
 tracks = 1704 at attempts = 143000
 tracks = 1704 at attempts = 144000
 tracks = 1704 at attempts = 145000
 tracks = 1704 at attempts = 146000
 tracks = 1704 at attempts = 147000
 tracks = 1704 at attempts = 148000
 tracks = 1704 at attempts = 149000
 tracks = 1704 at attempts = 150000
 tracks = 1704 at attempts = 151000
 tracks = 1704 at attempts = 152000
 tracks = 1704 at attempts = 153000
 tracks = 1704 at attempts = 154000
 tracks = 1704 at attempts = 155000
 tracks = 1704 at attempts = 156000
 tracks = 1704 at attempts = 157000
 tracks = 1704 at attempts = 158000
 tracks = 1704 at attempts = 159000
 tracks = 1704 at attempts = 160000
 tracks = 1704 at attempts = 161000
 tracks = 1704 at attempts = 162000
 tracks = 1704 at attempts = 163000
 tracks = 1704 at attempts = 164000
 tracks = 1704 at attempts = 165000
 tracks = 1704 at attempts = 166000
 tracks = 1704 at attempts = 167000
 tracks = 1704 at attempts = 168000
 tracks = 1704 at attempts = 169000
 tracks = 1704 at attempts = 170000
 tracks = 1704 at attempts = 171000
 tracks = 1704 at attempts = 172000
 removing redundant feed-through pins
 the connectivity of all the nets is verified

 block left edge is at -239
 the longest block length is 62640
 building the steiner trees
 rebuilding the steiner tree

----start doing coarse global routing ------ 
 ITERATION  1

  longest Row is:15   Its length is:61360
 doing feed-through pins assignment
 building the net-tree now !
 set up the global routing grids
 the starting value of tracks = 1474
 tracks = 1473 at attempts =  1000
 tracks = 1473 at attempts =  2000
 tracks = 1473 at attempts =  3000
 tracks = 1472 at attempts =  4000
 tracks = 1472 at attempts =  5000
 tracks = 1472 at attempts =  6000
 tracks = 1471 at attempts =  7000
 tracks = 1471 at attempts =  8000
 tracks = 1471 at attempts =  9000
 tracks = 1471 at attempts = 10000
 tracks = 1470 at attempts = 11000
 tracks = 1470 at attempts = 12000
 tracks = 1470 at attempts = 13000
 tracks = 1470 at attempts = 14000
 tracks = 1470 at attempts = 15000
 tracks = 1470 at attempts = 16000
 tracks = 1470 at attempts = 17000
 tracks = 1470 at attempts = 18000
 tracks = 1470 at attempts = 19000
 tracks = 1470 at attempts = 20000
 tracks = 1470 at attempts = 21000
 tracks = 1470 at attempts = 22000
 tracks = 1470 at attempts = 23000
 tracks = 1470 at attempts = 24000
 tracks = 1470 at attempts = 25000
 tracks = 1470 at attempts = 26000
 tracks = 1470 at attempts = 27000
 tracks = 1470 at attempts = 28000
 tracks = 1470 at attempts = 29000
 tracks = 1470 at attempts = 30000
 tracks = 1470 at attempts = 31000
 tracks = 1470 at attempts = 32000
 tracks = 1470 at attempts = 33000
 tracks = 1470 at attempts = 34000
 tracks = 1470 at attempts = 35000
 tracks = 1470 at attempts = 36000
 tracks = 1470 at attempts = 37000
 tracks = 1470 at attempts = 38000
 tracks = 1470 at attempts = 39000
 tracks = 1470 at attempts = 40000
 tracks = 1470 at attempts = 41000
 tracks = 1470 at attempts = 42000
 tracks = 1470 at attempts = 43000
 tracks = 1470 at attempts = 44000
 tracks = 1470 at attempts = 45000
 tracks = 1470 at attempts = 46000
 tracks = 1470 at attempts = 47000
 tracks = 1470 at attempts = 48000
 tracks = 1470 at attempts = 49000
 tracks = 1470 at attempts = 50000
 tracks = 1470 at attempts = 51000
 tracks = 1470 at attempts = 52000
 tracks = 1470 at attempts = 53000
 tracks = 1470 at attempts = 54000
 tracks = 1470 at attempts = 55000
 tracks = 1470 at attempts = 56000
 tracks = 1470 at attempts = 57000
 tracks = 1470 at attempts = 58000
 tracks = 1470 at attempts = 59000
 tracks = 1470 at attempts = 60000
 tracks = 1470 at attempts = 61000
 tracks = 1470 at attempts = 62000
 tracks = 1470 at attempts = 63000
 tracks = 1470 at attempts = 64000
 tracks = 1470 at attempts = 65000
 tracks = 1470 at attempts = 66000
 tracks = 1470 at attempts = 67000
 tracks = 1470 at attempts = 68000
 tracks = 1470 at attempts = 69000
 tracks = 1470 at attempts = 70000
 tracks = 1470 at attempts = 71000
 tracks = 1470 at attempts = 72000
 tracks = 1470 at attempts = 73000
 tracks = 1470 at attempts = 74000
 tracks = 1470 at attempts = 75000
 tracks = 1470 at attempts = 76000
 tracks = 1470 at attempts = 77000
 tracks = 1470 at attempts = 78000
 tracks = 1470 at attempts = 79000
 tracks = 1470 at attempts = 80000
 tracks = 1470 at attempts = 81000
 tracks = 1470 at attempts = 82000
 tracks = 1470 at attempts = 83000
 tracks = 1470 at attempts = 84000
 tracks = 1470 at attempts = 85000
 tracks = 1470 at attempts = 86000
 tracks = 1470 at attempts = 87000
 tracks = 1470 at attempts = 88000
 tracks = 1470 at attempts = 89000
 tracks = 1470 at attempts = 90000
 tracks = 1470 at attempts = 91000
 tracks = 1470 at attempts = 92000
 tracks = 1470 at attempts = 93000
 tracks = 1470 at attempts = 94000
 tracks = 1470 at attempts = 95000
 tracks = 1470 at attempts = 96000
 tracks = 1470 at attempts = 97000
 tracks = 1470 at attempts = 98000
 tracks = 1470 at attempts = 99000
 tracks = 1470 at attempts = 100000
 tracks = 1470 at attempts = 101000
 tracks = 1470 at attempts = 102000
 tracks = 1470 at attempts = 103000
 tracks = 1470 at attempts = 104000
 tracks = 1470 at attempts = 105000
 tracks = 1470 at attempts = 106000
 tracks = 1470 at attempts = 107000
 tracks = 1470 at attempts = 108000
 tracks = 1470 at attempts = 109000
 tracks = 1470 at attempts = 110000
 tracks = 1470 at attempts = 111000
 tracks = 1470 at attempts = 112000
 tracks = 1470 at attempts = 113000
 tracks = 1470 at attempts = 114000
 tracks = 1470 at attempts = 115000
 tracks = 1470 at attempts = 116000
 tracks = 1470 at attempts = 117000
 tracks = 1470 at attempts = 118000
 tracks = 1470 at attempts = 119000
 tracks = 1470 at attempts = 120000
 tracks = 1470 at attempts = 121000
 tracks = 1470 at attempts = 122000
 tracks = 1470 at attempts = 123000
 tracks = 1470 at attempts = 124000
 tracks = 1470 at attempts = 125000
 tracks = 1470 at attempts = 126000
 tracks = 1470 at attempts = 127000
 tracks = 1470 at attempts = 128000
 tracks = 1470 at attempts = 129000
 tracks = 1470 at attempts = 130000
 tracks = 1470 at attempts = 131000
 tracks = 1470 at attempts = 132000
 tracks = 1470 at attempts = 133000
 tracks = 1470 at attempts = 134000
 tracks = 1470 at attempts = 135000
 tracks = 1470 at attempts = 136000
 tracks = 1470 at attempts = 137000
 tracks = 1470 at attempts = 138000
 tracks = 1470 at attempts = 139000
 tracks = 1470 at attempts = 140000
 tracks = 1470 at attempts = 141000
 tracks = 1470 at attempts = 142000
 tracks = 1470 at attempts = 143000
 tracks = 1470 at attempts = 144000
 tracks = 1470 at attempts = 145000
 tracks = 1470 at attempts = 146000
 tracks = 1470 at attempts = 147000
 tracks = 1470 at attempts = 148000
 tracks = 1470 at attempts = 149000
 tracks = 1470 at attempts = 150000
 tracks = 1470 at attempts = 151000
 tracks = 1470 at attempts = 152000
 tracks = 1470 at attempts = 153000
 tracks = 1470 at attempts = 154000
 tracks = 1470 at attempts = 155000
 tracks = 1470 at attempts = 156000
 tracks = 1470 at attempts = 157000
 tracks = 1470 at attempts = 158000
 tracks = 1470 at attempts = 159000
 tracks = 1470 at attempts = 160000
 tracks = 1470 at attempts = 161000
 tracks = 1470 at attempts = 162000
 tracks = 1470 at attempts = 163000
 tracks = 1470 at attempts = 164000
 tracks = 1470 at attempts = 165000
 tracks = 1470 at attempts = 166000
 tracks = 1470 at attempts = 167000
 tracks = 1470 at attempts = 168000
 tracks = 1470 at attempts = 169000
 tracks = 1470 at attempts = 170000
 tracks = 1470 at attempts = 171000
 tracks = 1470 at attempts = 172000
 removing redundant feed-through pins
 the connectivity of all the nets is verified


***********************************************
*ACTUAL* FINAL NUMBER OF ROUTING TRACKS: 1470
***********************************************


TimberWolfSC terminated abnormally with 1 error[s] and 0 warning[s]


twflow terminated abnormally with 1 error[s] and 0 warning[s]

Running getfillcell to determine cell to use for fill.
getfillcell.tcl systemcomplete  /usr/share/qflow/tech/osu018/osu018_stdcells.lef FILL
Using cell FILL for fill
Running place2def to translate graywolf output to DEF format.
place2def.tcl systemcomplete FILL 
Running place2def.tcl
DEF database: 100 units per micron
Limits: xbot = -535.0 ybot = -200 xtop = 61415.0 ytop = 61065.0
Core values: 40.0 50.0 61400.0 61050.0
Offsets: 40.0 50.0
6 routing layers
metal1: 614 vertical tracks from 0um with 1um pitch
metal2: 776 vertical tracks from -3.2um with 0.8um pitch
metal3: 614 vertical tracks from 0um with 1um pitch
metal4: 776 vertical tracks from -3.2um with 0.8um pitch
metal5: 614 vertical tracks from 0um with 1um pitch
metal6: 388 vertical tracks from -3.2um with 1.6um pitch
Summary: Total components = 20792
  Fill cells  = 13994
  Other cells = 6798
Done with place2def.tcl
Running addspacers to generate power stripes and align cell right edge
addspacers.tcl  -stripe 2.0 50.0 PG systemcomplete  /usr/share/qflow/tech/osu018/osu018_stdcells.lef FILL
Reading FILL macros from LEF file.
Reading DEF file systemcomplete.def. . .
Number of rows is 61
Longest row has width 614.0 um
addspacers:  Inserting 12 stripes of width 1.6 um (2.0 um requested)
  Pitch 49.6 um, offset 33.6 um
stretch:  Number of components is 22397
Analysis of DEF file:
Number of components = 20792
New number of components = 22397
Number of rows = 61
Adjusting obstructions for power striping
Done with addspacers.tcl
Running arrangepins to adjust pin positions for optimal routing.
arrangepins.tcl  systemcomplete
Reading info file systemcomplete.info. . .
Reading DEF file systemcomplete.def. . .
Recalculating pin positions
Writing DEF file systemcomplete_mod.def. . .
Done with arrangepins.tcl
blifanno.tcl /mnt/d/Universidad/UCR/I-2021/Microelectronica/Proyecto3/Codigo_Proyecto3/OptimizacionArea/synthesis/systemcomplete.blif systemcomplete.def /mnt/d/Universidad/UCR/I-2021/Microelectronica/Proyecto3/Codigo_Proyecto3/OptimizacionArea/synthesis/systemcomplete_anno.blif
Running blifanno.tcl
Reading DEF file systemcomplete.def. . .
Done with blifanno.tcl

Generating RTL verilog and SPICE netlist file in directory
   /mnt/d/Universidad/UCR/I-2021/Microelectronica/Proyecto3/Codigo_Proyecto3/OptimizacionArea/synthesis
Files:
   Verilog: /mnt/d/Universidad/UCR/I-2021/Microelectronica/Proyecto3/Codigo_Proyecto3/OptimizacionArea/synthesis/systemcomplete.rtl.v
   Verilog: /mnt/d/Universidad/UCR/I-2021/Microelectronica/Proyecto3/Codigo_Proyecto3/OptimizacionArea/synthesis/systemcomplete.rtlnopwr.v
   Verilog: /mnt/d/Universidad/UCR/I-2021/Microelectronica/Proyecto3/Codigo_Proyecto3/OptimizacionArea/synthesis/systemcomplete.rtlbb.v
   Spice:   /mnt/d/Universidad/UCR/I-2021/Microelectronica/Proyecto3/Codigo_Proyecto3/OptimizacionArea/synthesis/systemcomplete.spc

Running blif2Verilog.
Running blif2BSpice.
Placement script ended on Wed Jul 21 14:36:08 CST 2021
